{"numFailedTestSuites":0,"numFailedTests":0,"numPassedTestSuites":13,"numPassedTests":20,"numPendingTestSuites":0,"numPendingTests":0,"numRuntimeErrorTestSuites":0,"numTodoTests":0,"numTotalTestSuites":13,"numTotalTests":20,"openHandles":[],"snapshot":{"added":0,"didUpdate":false,"failure":false,"filesAdded":0,"filesRemoved":0,"filesRemovedList":[],"filesUnmatched":0,"filesUpdated":0,"matched":0,"total":0,"unchecked":0,"uncheckedKeysByFile":[],"unmatched":0,"updated":0},"startTime":1688223506042,"success":true,"testResults":[{"assertionResults":[{"ancestorTitles":["Switch component"],"failureMessages":[],"fullName":"Switch component should render given children","location":null,"status":"passed","title":"should render given children"},{"ancestorTitles":["Switch component"],"failureMessages":[],"fullName":"Switch component clicks on Switch","location":null,"status":"passed","title":"clicks on Switch"},{"ancestorTitles":["Switch component"],"failureMessages":[],"fullName":"Switch component clicks on Switch","location":null,"status":"passed","title":"clicks on Switch"}],"endTime":1688223508238,"message":"","name":"/Users/bugsyaya/Desktop/Planingo/Ditto/src/components/Switch/switch.test.js","startTime":1688223506498,"status":"passed","summary":""},{"assertionResults":[{"ancestorTitles":["Checkbox component"],"failureMessages":[],"fullName":"Checkbox component should render given children","location":null,"status":"passed","title":"should render given children"},{"ancestorTitles":["Checkbox component"],"failureMessages":[],"fullName":"Checkbox component should render given children","location":null,"status":"passed","title":"should render given children"},{"ancestorTitles":["Checkbox component"],"failureMessages":[],"fullName":"Checkbox component clicks on checkbox","location":null,"status":"passed","title":"clicks on checkbox"}],"endTime":1688223508239,"message":"","name":"/Users/bugsyaya/Desktop/Planingo/Ditto/src/components/Checkbox/checkbox.test.js","startTime":1688223506498,"status":"passed","summary":""},{"assertionResults":[{"ancestorTitles":["Card component"],"failureMessages":[],"fullName":"Card component Snapshot card","location":null,"status":"passed","title":"Snapshot card"}],"endTime":1688223508259,"message":"","name":"/Users/bugsyaya/Desktop/Planingo/Ditto/src/components/Card/card.test.js","startTime":1688223506498,"status":"passed","summary":""},{"assertionResults":[{"ancestorTitles":["Button component"],"failureMessages":[],"fullName":"Button component should render given children","location":null,"status":"passed","title":"should render given children"},{"ancestorTitles":["Button component"],"failureMessages":[],"fullName":"Button component clicks on button","location":null,"status":"passed","title":"clicks on button"}],"endTime":1688223508276,"message":"","name":"/Users/bugsyaya/Desktop/Planingo/Ditto/src/components/Button/button.test.js","startTime":1688223506498,"status":"passed","summary":""},{"assertionResults":[{"ancestorTitles":["Notification component"],"failureMessages":[],"fullName":"Notification component notification content text","location":null,"status":"passed","title":"notification content text"}],"endTime":1688223508295,"message":"","name":"/Users/bugsyaya/Desktop/Planingo/Ditto/src/components/Notification/notification.test.js","startTime":1688223506498,"status":"passed","summary":""},{"assertionResults":[{"ancestorTitles":["Badge component"],"failureMessages":[],"fullName":"Badge component Badge content text","location":null,"status":"passed","title":"Badge content text"}],"endTime":1688223509084,"message":"","name":"/Users/bugsyaya/Desktop/Planingo/Ditto/src/components/Badge/Badge.test.js","startTime":1688223508284,"status":"passed","summary":""},{"assertionResults":[{"ancestorTitles":["RadioGroup component"],"failureMessages":[],"fullName":"RadioGroup component Snapshot RadioGroup","location":null,"status":"passed","title":"Snapshot RadioGroup"}],"endTime":1688223509092,"message":"","name":"/Users/bugsyaya/Desktop/Planingo/Ditto/src/components/Radio/RadioGroups/radioGroup.test.js","startTime":1688223508285,"status":"passed","summary":""},{"assertionResults":[{"ancestorTitles":["Radio component"],"failureMessages":[],"fullName":"Radio component should render given children","location":null,"status":"passed","title":"should render given children"},{"ancestorTitles":["Radio component"],"failureMessages":[],"fullName":"Radio component should render given children","location":null,"status":"passed","title":"should render given children"}],"endTime":1688223509097,"message":"","name":"/Users/bugsyaya/Desktop/Planingo/Ditto/src/components/Radio/radio.test.js","startTime":1688223508249,"status":"passed","summary":""},{"assertionResults":[{"ancestorTitles":["Tag component"],"failureMessages":[],"fullName":"Tag component should render given children","location":null,"status":"passed","title":"should render given children"},{"ancestorTitles":["Tag component"],"failureMessages":[],"fullName":"Tag component clicks on button","location":null,"status":"passed","title":"clicks on button"}],"endTime":1688223509105,"message":"","name":"/Users/bugsyaya/Desktop/Planingo/Ditto/src/components/Tag/tag.test.js","startTime":1688223508249,"status":"passed","summary":""},{"assertionResults":[{"ancestorTitles":["CheckboxGroup component"],"failureMessages":[],"fullName":"CheckboxGroup component should render given children","location":null,"status":"passed","title":"should render given children"}],"endTime":1688223509108,"message":"","name":"/Users/bugsyaya/Desktop/Planingo/Ditto/src/components/Checkbox/CheckboxGroups/checkboxGroup.test.js","startTime":1688223508306,"status":"passed","summary":""},{"assertionResults":[{"ancestorTitles":["Spin component"],"failureMessages":[],"fullName":"Spin component Spin content text","location":null,"status":"passed","title":"Spin content text"}],"endTime":1688223509762,"message":"","name":"/Users/bugsyaya/Desktop/Planingo/Ditto/src/components/Spin/spin.test.js","startTime":1688223509112,"status":"passed","summary":""},{"assertionResults":[{"ancestorTitles":["Empty component"],"failureMessages":[],"fullName":"Empty component Empty contains text","location":null,"status":"passed","title":"Empty contains text"}],"endTime":1688223509766,"message":"","name":"/Users/bugsyaya/Desktop/Planingo/Ditto/src/components/Empty/Empty.test.js","startTime":1688223509113,"status":"passed","summary":""},{"assertionResults":[{"ancestorTitles":["Rate component"],"failureMessages":[],"fullName":"Rate component Count rate","location":null,"status":"passed","title":"Count rate"}],"endTime":1688223509770,"message":"","name":"/Users/bugsyaya/Desktop/Planingo/Ditto/src/components/Rate/Rate.test.js","startTime":1688223509107,"status":"passed","summary":""}],"wasInterrupted":false}