{"numFailedTestSuites":0,"numFailedTests":0,"numPassedTestSuites":19,"numPassedTests":29,"numPendingTestSuites":0,"numPendingTests":0,"numRuntimeErrorTestSuites":0,"numTodoTests":0,"numTotalTestSuites":19,"numTotalTests":29,"openHandles":[],"snapshot":{"added":0,"didUpdate":false,"failure":false,"filesAdded":0,"filesRemoved":0,"filesRemovedList":[],"filesUnmatched":0,"filesUpdated":0,"matched":0,"total":0,"unchecked":0,"uncheckedKeysByFile":[],"unmatched":0,"updated":0},"startTime":1709299584120,"success":true,"testResults":[{"assertionResults":[{"ancestorTitles":["Notification component"],"failureMessages":[],"fullName":"Notification component Notif content text button","location":null,"status":"passed","title":"Notif content text button"},{"ancestorTitles":["Notification component"],"failureMessages":[],"fullName":"Notification component Notif content text","location":null,"status":"passed","title":"Notif content text"}],"endTime":1709299585990,"message":"","name":"/Users/bugsyaya/Desktop/Planingo/Ditto/src/tests/notification.test.jsx","startTime":1709299584480,"status":"passed","summary":""},{"assertionResults":[{"ancestorTitles":["Button component"],"failureMessages":[],"fullName":"Button component should render given children","location":null,"status":"passed","title":"should render given children"},{"ancestorTitles":["Button component"],"failureMessages":[],"fullName":"Button component clicks on button","location":null,"status":"passed","title":"clicks on button"},{"ancestorTitles":["Button component"],"failureMessages":[],"fullName":"Button component clicks on disabled button","location":null,"status":"passed","title":"clicks on disabled button"},{"ancestorTitles":["Button component"],"failureMessages":[],"fullName":"Button component clicks on loading button","location":null,"status":"passed","title":"clicks on loading button"}],"endTime":1709299586011,"message":"","name":"/Users/bugsyaya/Desktop/Planingo/Ditto/src/tests/button.test.jsx","startTime":1709299584488,"status":"passed","summary":""},{"assertionResults":[{"ancestorTitles":["Breadcrumb component"],"failureMessages":[],"fullName":"Breadcrumb component Breadcrumb content text","location":null,"status":"passed","title":"Breadcrumb content text"}],"endTime":1709299586098,"message":"","name":"/Users/bugsyaya/Desktop/Planingo/Ditto/src/tests/breadcrumb.test.jsx","startTime":1709299584485,"status":"passed","summary":""},{"assertionResults":[{"ancestorTitles":["Avatar component"],"failureMessages":[],"fullName":"Avatar component Alert content text","location":null,"status":"passed","title":"Alert content text"}],"endTime":1709299586098,"message":"","name":"/Users/bugsyaya/Desktop/Planingo/Ditto/src/tests/avatar.test.jsx","startTime":1709299584482,"status":"passed","summary":""},{"assertionResults":[{"ancestorTitles":["Collapse component"],"failureMessages":[],"fullName":"Collapse component Collapse content text","location":null,"status":"passed","title":"Collapse content text"}],"endTime":1709299586115,"message":"","name":"/Users/bugsyaya/Desktop/Planingo/Ditto/src/tests/collapse.test.jsx","startTime":1709299584479,"status":"passed","summary":""},{"assertionResults":[{"ancestorTitles":["Card component"],"failureMessages":[],"fullName":"Card component Snapshot card","location":null,"status":"passed","title":"Snapshot card"}],"endTime":1709299586304,"message":"","name":"/Users/bugsyaya/Desktop/Planingo/Ditto/src/tests/card.test.jsx","startTime":1709299586019,"status":"passed","summary":""},{"assertionResults":[{"ancestorTitles":["Tag component"],"failureMessages":[],"fullName":"Tag component should render given children","location":null,"status":"passed","title":"should render given children"},{"ancestorTitles":["Tag component"],"failureMessages":[],"fullName":"Tag component clicks on button","location":null,"status":"passed","title":"clicks on button"}],"endTime":1709299586367,"message":"","name":"/Users/bugsyaya/Desktop/Planingo/Ditto/src/tests/tag.test.jsx","startTime":1709299586108,"status":"passed","summary":""},{"assertionResults":[{"ancestorTitles":["Carousel component"],"failureMessages":[],"fullName":"Carousel component Carousel content text","location":null,"status":"passed","title":"Carousel content text"}],"endTime":1709299586378,"message":"","name":"/Users/bugsyaya/Desktop/Planingo/Ditto/src/tests/carousel.test.jsx","startTime":1709299586107,"status":"passed","summary":""},{"assertionResults":[{"ancestorTitles":["Checkbox component"],"failureMessages":[],"fullName":"Checkbox component should render given children","location":null,"status":"passed","title":"should render given children"},{"ancestorTitles":["Checkbox component"],"failureMessages":[],"fullName":"Checkbox component should render given children","location":null,"status":"passed","title":"should render given children"},{"ancestorTitles":["Checkbox component"],"failureMessages":[],"fullName":"Checkbox component clicks on checkbox","location":null,"status":"passed","title":"clicks on checkbox"}],"endTime":1709299586393,"message":"","name":"/Users/bugsyaya/Desktop/Planingo/Ditto/src/tests/checkbox.test.jsx","startTime":1709299586124,"status":"passed","summary":""},{"assertionResults":[{"ancestorTitles":["Calendar component"],"failureMessages":[],"fullName":"Calendar component Calendar content text","location":null,"status":"passed","title":"Calendar content text"}],"endTime":1709299586430,"message":"","name":"/Users/bugsyaya/Desktop/Planingo/Ditto/src/tests/calendar.test.jsx","startTime":1709299586000,"status":"passed","summary":""},{"assertionResults":[{"ancestorTitles":["Switch component"],"failureMessages":[],"fullName":"Switch component should render given children","location":null,"status":"passed","title":"should render given children"},{"ancestorTitles":["Switch component"],"failureMessages":[],"fullName":"Switch component clicks on Switch","location":null,"status":"passed","title":"clicks on Switch"},{"ancestorTitles":["Switch component"],"failureMessages":[],"fullName":"Switch component clicks on Switch","location":null,"status":"passed","title":"clicks on Switch"}],"endTime":1709299586555,"message":"","name":"/Users/bugsyaya/Desktop/Planingo/Ditto/src/tests/switch.test.jsx","startTime":1709299586312,"status":"passed","summary":""},{"assertionResults":[{"ancestorTitles":["RadioGroup component"],"failureMessages":[],"fullName":"RadioGroup component Snapshot RadioGroup","location":null,"status":"passed","title":"Snapshot RadioGroup"}],"endTime":1709299586628,"message":"","name":"/Users/bugsyaya/Desktop/Planingo/Ditto/src/tests/radioGroup.test.jsx","startTime":1709299586376,"status":"passed","summary":""},{"assertionResults":[{"ancestorTitles":["Rate component"],"failureMessages":[],"fullName":"Rate component Count rate","location":null,"status":"passed","title":"Count rate"}],"endTime":1709299586632,"message":"","name":"/Users/bugsyaya/Desktop/Planingo/Ditto/src/tests/rate.test.jsx","startTime":1709299586386,"status":"passed","summary":""},{"assertionResults":[{"ancestorTitles":["Empty component"],"failureMessages":[],"fullName":"Empty component Empty contains text","location":null,"status":"passed","title":"Empty contains text"}],"endTime":1709299586643,"message":"","name":"/Users/bugsyaya/Desktop/Planingo/Ditto/src/tests/empty.test.jsx","startTime":1709299586401,"status":"passed","summary":""},{"assertionResults":[{"ancestorTitles":["CheckboxGroup component"],"failureMessages":[],"fullName":"CheckboxGroup component should render given children","location":null,"status":"passed","title":"should render given children"}],"endTime":1709299586681,"message":"","name":"/Users/bugsyaya/Desktop/Planingo/Ditto/src/tests/checkboxGroup.test.jsx","startTime":1709299586439,"status":"passed","summary":""},{"assertionResults":[{"ancestorTitles":["Radio component"],"failureMessages":[],"fullName":"Radio component should render given children","location":null,"status":"passed","title":"should render given children"},{"ancestorTitles":["Radio component"],"failureMessages":[],"fullName":"Radio component should render given children","location":null,"status":"passed","title":"should render given children"}],"endTime":1709299586818,"message":"","name":"/Users/bugsyaya/Desktop/Planingo/Ditto/src/tests/radio.test.jsx","startTime":1709299586561,"status":"passed","summary":""},{"assertionResults":[{"ancestorTitles":["Alert component"],"failureMessages":[],"fullName":"Alert component Alert content text","location":null,"status":"passed","title":"Alert content text"}],"endTime":1709299586867,"message":"","name":"/Users/bugsyaya/Desktop/Planingo/Ditto/src/tests/alert.test.jsx","startTime":1709299586639,"status":"passed","summary":""},{"assertionResults":[{"ancestorTitles":["Badge component"],"failureMessages":[],"fullName":"Badge component Badge content text","location":null,"status":"passed","title":"Badge content text"}],"endTime":1709299586872,"message":"","name":"/Users/bugsyaya/Desktop/Planingo/Ditto/src/tests/badge.test.jsx","startTime":1709299586636,"status":"passed","summary":""},{"assertionResults":[{"ancestorTitles":["Spin component"],"failureMessages":[],"fullName":"Spin component Spin content text","location":null,"status":"passed","title":"Spin content text"}],"endTime":1709299586877,"message":"","name":"/Users/bugsyaya/Desktop/Planingo/Ditto/src/tests/spin.test.jsx","startTime":1709299586649,"status":"passed","summary":""}],"wasInterrupted":false}