{"numFailedTestSuites":2,"numFailedTests":0,"numPassedTestSuites":4,"numPassedTests":8,"numPendingTestSuites":0,"numPendingTests":0,"numRuntimeErrorTestSuites":2,"numTodoTests":0,"numTotalTestSuites":6,"numTotalTests":8,"openHandles":[],"snapshot":{"added":0,"didUpdate":false,"failure":false,"filesAdded":0,"filesRemoved":0,"filesRemovedList":[],"filesUnmatched":0,"filesUpdated":0,"matched":4,"total":4,"unchecked":0,"uncheckedKeysByFile":[],"unmatched":0,"updated":0},"startTime":1657318503581,"success":false,"testResults":[{"assertionResults":[],"coverage":{},"endTime":1657318509530,"message":"  \u001b[1m● \u001b[22mTest suite failed to run\n\n    ReferenceError: Notification is not defined\n\n    \u001b[0m \u001b[90m 62 |\u001b[39m }\u001b[33m;\u001b[39m\u001b[0m\n    \u001b[0m \u001b[90m 63 |\u001b[39m\u001b[0m\n    \u001b[0m\u001b[31m\u001b[1m>\u001b[22m\u001b[39m\u001b[90m 64 |\u001b[39m \u001b[33mNotification\u001b[39m\u001b[33m.\u001b[39mdefaultProps \u001b[33m=\u001b[39m {\u001b[0m\n    \u001b[0m \u001b[90m    |\u001b[39m \u001b[31m\u001b[1m^\u001b[22m\u001b[39m\u001b[0m\n    \u001b[0m \u001b[90m 65 |\u001b[39m   type\u001b[33m:\u001b[39m \u001b[32m'info'\u001b[39m\u001b[0m\n    \u001b[0m \u001b[90m 66 |\u001b[39m }\u001b[0m\n    \u001b[0m \u001b[90m 67 |\u001b[39m\u001b[0m\n\n      \u001b[2mat Object.<anonymous> (\u001b[22msrc/components/Notification/Notification.jsx\u001b[2m:64:1)\u001b[22m\n      \u001b[2mat Object.<anonymous> (\u001b[22msrc/components/Notification/Notification.test.js\u001b[2m:5:1)\u001b[22m\n","name":"/Users/coupenotte/Desktop/Calendrier/DesignSystem/Ditto/src/components/Notification/notification.test.js","startTime":1657318509530,"status":"failed","summary":""},{"assertionResults":[],"coverage":{},"endTime":1657318509530,"message":"  \u001b[1m● \u001b[22mTest suite failed to run\n\n    ReferenceError: Notification is not defined\n\n    \u001b[0m \u001b[90m 62 |\u001b[39m }\u001b[33m;\u001b[39m\u001b[0m\n    \u001b[0m \u001b[90m 63 |\u001b[39m\u001b[0m\n    \u001b[0m\u001b[31m\u001b[1m>\u001b[22m\u001b[39m\u001b[90m 64 |\u001b[39m \u001b[33mNotification\u001b[39m\u001b[33m.\u001b[39mdefaultProps \u001b[33m=\u001b[39m {\u001b[0m\n    \u001b[0m \u001b[90m    |\u001b[39m \u001b[31m\u001b[1m^\u001b[22m\u001b[39m\u001b[0m\n    \u001b[0m \u001b[90m 65 |\u001b[39m   type\u001b[33m:\u001b[39m \u001b[32m'info'\u001b[39m\u001b[0m\n    \u001b[0m \u001b[90m 66 |\u001b[39m }\u001b[0m\n    \u001b[0m \u001b[90m 67 |\u001b[39m\u001b[0m\n\n      \u001b[2mat Object.<anonymous> (\u001b[22msrc/components/Notification/Notification.jsx\u001b[2m:64:1)\u001b[22m\n      \u001b[2mat Object.<anonymous> (\u001b[22m\u001b[0m\u001b[36msrc/components/Notification/Notification.test.js\u001b[39m\u001b[0m\u001b[2m:5:1)\u001b[22m\n","name":"/Users/coupenotte/Desktop/Calendrier/DesignSystem/Ditto/src/components/Notification/Notification.test.js","startTime":1657318509530,"status":"failed","summary":""},{"assertionResults":[{"ancestorTitles":["Button component"],"failureMessages":[],"fullName":"Button component Snapshot button","location":null,"status":"passed","title":"Snapshot button"},{"ancestorTitles":["Button component"],"failureMessages":[],"fullName":"Button component should render given children","location":null,"status":"passed","title":"should render given children"},{"ancestorTitles":["Button component"],"failureMessages":[],"fullName":"Button component clicks on button","location":null,"status":"passed","title":"clicks on button"}],"endTime":1657318508663,"message":"","name":"/Users/coupenotte/Desktop/Calendrier/DesignSystem/Ditto/src/components/Button/button.test.js","startTime":1657318504608,"status":"passed","summary":""},{"assertionResults":[{"ancestorTitles":["Button component"],"failureMessages":[],"fullName":"Button component Snapshot button","location":null,"status":"passed","title":"Snapshot button"},{"ancestorTitles":["Button component"],"failureMessages":[],"fullName":"Button component should render given children","location":null,"status":"passed","title":"should render given children"},{"ancestorTitles":["Button component"],"failureMessages":[],"fullName":"Button component clicks on button","location":null,"status":"passed","title":"clicks on button"}],"endTime":1657318508673,"message":"","name":"/Users/coupenotte/Desktop/Calendrier/DesignSystem/Ditto/src/components/Button/Button.test.js","startTime":1657318504561,"status":"passed","summary":""},{"assertionResults":[{"ancestorTitles":["Card component"],"failureMessages":[],"fullName":"Card component Snapshot card","location":null,"status":"passed","title":"Snapshot card"}],"endTime":1657318509447,"message":"","name":"/Users/coupenotte/Desktop/Calendrier/DesignSystem/Ditto/src/components/Card/Card.test.js","startTime":1657318504556,"status":"passed","summary":""},{"assertionResults":[{"ancestorTitles":["Card component"],"failureMessages":[],"fullName":"Card component Snapshot card","location":null,"status":"passed","title":"Snapshot card"}],"endTime":1657318509472,"message":"","name":"/Users/coupenotte/Desktop/Calendrier/DesignSystem/Ditto/src/components/Card/card.test.js","startTime":1657318504548,"status":"passed","summary":""}],"wasInterrupted":false}