{
  "numFailedTestSuites": 0,
  "numFailedTests": 0,
  "numPassedTestSuites": 14,
  "numPassedTests": 27,
  "numPendingTestSuites": 0,
  "numPendingTests": 0,
  "numRuntimeErrorTestSuites": 0,
  "numTodoTests": 0,
  "numTotalTestSuites": 14,
  "numTotalTests": 27,
  "openHandles": [],
  "snapshot": {
    "added": 0,
    "didUpdate": false,
    "failure": false,
    "filesAdded": 0,
    "filesRemoved": 0,
    "filesRemovedList": [],
    "filesUnmatched": 0,
    "filesUpdated": 0,
    "matched": 14,
    "total": 14,
    "unchecked": 0,
    "uncheckedKeysByFile": [],
    "unmatched": 0,
    "updated": 0
  },
  "startTime": 1657564535399,
  "success": true,
  "testResults": [
    {
      "assertionResults": [
        {
          "ancestorTitles": ["Checkbox component"],
          "failureMessages": [],
          "fullName": "Checkbox component Snapshot Checkbox",
          "location": null,
          "status": "passed",
          "title": "Snapshot Checkbox"
        },
        {
          "ancestorTitles": ["Checkbox component"],
          "failureMessages": [],
          "fullName": "Checkbox component should render given children",
          "location": null,
          "status": "passed",
          "title": "should render given children"
        },
        {
          "ancestorTitles": ["Checkbox component"],
          "failureMessages": [],
          "fullName": "Checkbox component should render given children",
          "location": null,
          "status": "passed",
          "title": "should render given children"
        },
        {
          "ancestorTitles": ["Checkbox component"],
          "failureMessages": [],
          "fullName": "Checkbox component clicks on checkbox",
          "location": null,
          "status": "passed",
          "title": "clicks on checkbox"
        }
      ],
      "endTime": 1657564541278,
      "message": "",
      "name": "/Users/coupenotte/Desktop/Calendrier/DesignSystem/Ditto/src/components/Checkbox/Checkbox.test.js",
      "startTime": 1657564537103,
      "status": "passed",
      "summary": ""
    },
    {
      "assertionResults": [
        {
          "ancestorTitles": ["Notification component"],
          "failureMessages": [],
          "fullName": "Notification component Snapshot notification",
          "location": null,
          "status": "passed",
          "title": "Snapshot notification"
        }
      ],
      "endTime": 1657564541276,
      "message": "",
      "name": "/Users/coupenotte/Desktop/Calendrier/DesignSystem/Ditto/src/components/Notification/Notif.test.js",
      "startTime": 1657564537084,
      "status": "passed",
      "summary": ""
    },
    {
      "assertionResults": [
        {
          "ancestorTitles": ["Switch component"],
          "failureMessages": [],
          "fullName": "Switch component Snapshot button",
          "location": null,
          "status": "passed",
          "title": "Snapshot button"
        },
        {
          "ancestorTitles": ["Switch component"],
          "failureMessages": [],
          "fullName": "Switch component should render given children",
          "location": null,
          "status": "passed",
          "title": "should render given children"
        },
        {
          "ancestorTitles": ["Switch component"],
          "failureMessages": [],
          "fullName": "Switch component should render given children",
          "location": null,
          "status": "passed",
          "title": "should render given children"
        }
      ],
      "endTime": 1657564541317,
      "message": "",
      "name": "/Users/coupenotte/Desktop/Calendrier/DesignSystem/Ditto/src/components/Radio/radio.test.js",
      "startTime": 1657564537082,
      "status": "passed",
      "summary": ""
    },
    {
      "assertionResults": [
        {
          "ancestorTitles": ["Button component"],
          "failureMessages": [],
          "fullName": "Button component Snapshot button",
          "location": null,
          "status": "passed",
          "title": "Snapshot button"
        },
        {
          "ancestorTitles": ["Button component"],
          "failureMessages": [],
          "fullName": "Button component should render given children",
          "location": null,
          "status": "passed",
          "title": "should render given children"
        },
        {
          "ancestorTitles": ["Button component"],
          "failureMessages": [],
          "fullName": "Button component clicks on button",
          "location": null,
          "status": "passed",
          "title": "clicks on button"
        }
      ],
      "endTime": 1657564541397,
      "message": "",
      "name": "/Users/coupenotte/Desktop/Calendrier/DesignSystem/Ditto/src/components/Button/button.test.js",
      "startTime": 1657564537110,
      "status": "passed",
      "summary": ""
    },
    {
      "assertionResults": [
        {
          "ancestorTitles": ["CheckboxGroup component"],
          "failureMessages": [],
          "fullName": "CheckboxGroup component Snapshot CheckboxGroup",
          "location": null,
          "status": "passed",
          "title": "Snapshot CheckboxGroup"
        },
        {
          "ancestorTitles": ["CheckboxGroup component"],
          "failureMessages": [],
          "fullName": "CheckboxGroup component should render given children",
          "location": null,
          "status": "passed",
          "title": "should render given children"
        }
      ],
      "endTime": 1657564541952,
      "message": "",
      "name": "/Users/coupenotte/Desktop/Calendrier/DesignSystem/Ditto/src/components/Checkbox/CheckboxGroups/CheckboxGroup.test.js",
      "startTime": 1657564541301,
      "status": "passed",
      "summary": ""
    },
    {
      "assertionResults": [
        {
          "ancestorTitles": ["Spin component"],
          "failureMessages": [],
          "fullName": "Spin component Snapshot spin",
          "location": null,
          "status": "passed",
          "title": "Snapshot spin"
        }
      ],
      "endTime": 1657564542052,
      "message": "",
      "name": "/Users/coupenotte/Desktop/Calendrier/DesignSystem/Ditto/src/components/Spin/spin.test.js",
      "startTime": 1657564541424,
      "status": "passed",
      "summary": ""
    },
    {
      "assertionResults": [
        {
          "ancestorTitles": ["Switch component"],
          "failureMessages": [],
          "fullName": "Switch component Snapshot button",
          "location": null,
          "status": "passed",
          "title": "Snapshot button"
        },
        {
          "ancestorTitles": ["Switch component"],
          "failureMessages": [],
          "fullName": "Switch component should render given children",
          "location": null,
          "status": "passed",
          "title": "should render given children"
        },
        {
          "ancestorTitles": ["Switch component"],
          "failureMessages": [],
          "fullName": "Switch component clicks on Switch",
          "location": null,
          "status": "passed",
          "title": "clicks on Switch"
        },
        {
          "ancestorTitles": ["Switch component"],
          "failureMessages": [],
          "fullName": "Switch component clicks on Switch",
          "location": null,
          "status": "passed",
          "title": "clicks on Switch"
        }
      ],
      "endTime": 1657564542070,
      "message": "",
      "name": "/Users/coupenotte/Desktop/Calendrier/DesignSystem/Ditto/src/components/Switch/switch.test.js",
      "startTime": 1657564541314,
      "status": "passed",
      "summary": ""
    },
    {
      "assertionResults": [
        {
          "ancestorTitles": ["Tag component"],
          "failureMessages": [],
          "fullName": "Tag component Snapshot tag",
          "location": null,
          "status": "passed",
          "title": "Snapshot tag"
        },
        {
          "ancestorTitles": ["Tag component"],
          "failureMessages": [],
          "fullName": "Tag component should render given children",
          "location": null,
          "status": "passed",
          "title": "should render given children"
        },
        {
          "ancestorTitles": ["Tag component"],
          "failureMessages": [],
          "fullName": "Tag component clicks on button",
          "location": null,
          "status": "passed",
          "title": "clicks on button"
        }
      ],
      "endTime": 1657564542120,
      "message": "",
      "name": "/Users/coupenotte/Desktop/Calendrier/DesignSystem/Ditto/src/components/Tag/tag.test.js",
      "startTime": 1657564541346,
      "status": "passed",
      "summary": ""
    },
    {
      "assertionResults": [
        {
          "ancestorTitles": ["Empty component"],
          "failureMessages": [],
          "fullName": "Empty component Snapshot empty",
          "location": null,
          "status": "passed",
          "title": "Snapshot empty"
        }
      ],
      "endTime": 1657564542623,
      "message": "",
      "name": "/Users/coupenotte/Desktop/Calendrier/DesignSystem/Ditto/src/components/Empty/Empty.test.js",
      "startTime": 1657564541985,
      "status": "passed",
      "summary": ""
    },
    {
      "assertionResults": [
        {
          "ancestorTitles": ["Tooltip component"],
          "failureMessages": [],
          "fullName": "Tooltip component Snapshot tooltip",
          "location": null,
          "status": "passed",
          "title": "Snapshot tooltip"
        }
      ],
      "endTime": 1657564542680,
      "message": "",
      "name": "/Users/coupenotte/Desktop/Calendrier/DesignSystem/Ditto/src/components/Tooltip/tooltip.test.js",
      "startTime": 1657564542089,
      "status": "passed",
      "summary": ""
    },
    {
      "assertionResults": [
        {
          "ancestorTitles": ["RadioGroup component"],
          "failureMessages": [],
          "fullName": "RadioGroup component Snapshot RadioGroup",
          "location": null,
          "status": "passed",
          "title": "Snapshot RadioGroup"
        }
      ],
      "endTime": 1657564542684,
      "message": "",
      "name": "/Users/coupenotte/Desktop/Calendrier/DesignSystem/Ditto/src/components/Radio/RadioGroups/radioGroup.test.js",
      "startTime": 1657564542096,
      "status": "passed",
      "summary": ""
    },
    {
      "assertionResults": [
        {
          "ancestorTitles": ["Badge component"],
          "failureMessages": [],
          "fullName": "Badge component Snapshot badge",
          "location": null,
          "status": "passed",
          "title": "Snapshot badge"
        }
      ],
      "endTime": 1657564542712,
      "message": "",
      "name": "/Users/coupenotte/Desktop/Calendrier/DesignSystem/Ditto/src/components/Badge/Badge.test.js",
      "startTime": 1657564542143,
      "status": "passed",
      "summary": ""
    },
    {
      "assertionResults": [
        {
          "ancestorTitles": ["Rate component"],
          "failureMessages": [],
          "fullName": "Rate component Snapshot rate",
          "location": null,
          "status": "passed",
          "title": "Snapshot rate"
        }
      ],
      "endTime": 1657564543004,
      "message": "",
      "name": "/Users/coupenotte/Desktop/Calendrier/DesignSystem/Ditto/src/components/Rate/Rate.test.js",
      "startTime": 1657564537091,
      "status": "passed",
      "summary": ""
    },
    {
      "assertionResults": [
        {
          "ancestorTitles": ["Card component"],
          "failureMessages": [],
          "fullName": "Card component Snapshot card",
          "location": null,
          "status": "passed",
          "title": "Snapshot card"
        }
      ],
      "endTime": 1657564543028,
      "message": "",
      "name": "/Users/coupenotte/Desktop/Calendrier/DesignSystem/Ditto/src/components/Card/card.test.js",
      "startTime": 1657564537074,
      "status": "passed",
      "summary": ""
    }
  ],
  "wasInterrupted": false
}
